build/app/intermediates/manifest_merge_blame_file/release/manifest-merger-blame-release-report.txt
1<?xml version="1.0" encoding="utf-8"?>
2<manifest xmlns:android="http://schemas.android.com/apk/res/android"
3    package="com.iwdj.app"
4    android:versionCode="8000"
5    android:versionName="2.10.0" >
6
7    <uses-sdk
8        android:minSdkVersion="21"
8-->src\main\AndroidManifest.xml
9        android:targetSdkVersion="31" />
9-->src\main\AndroidManifest.xml
10
11    <uses-permission android:name="android.permission.INTERNET" />
11-->src\main\AndroidManifest.xml:4:5-66
11-->src\main\AndroidManifest.xml:4:22-64
12    <uses-permission android:name="android.permission.ACCESS_FINE_LOCATION" />
12-->src\main\AndroidManifest.xml:5:5-79
12-->src\main\AndroidManifest.xml:5:22-76
13    <uses-permission android:name="android.permission.ACCESS_COARSE_LOCATION" />
13-->src\main\AndroidManifest.xml:6:5-81
13-->src\main\AndroidManifest.xml:6:22-78
14    <uses-permission android:name="android.permission.ACCESS_NETWORK_STATE" />
14-->src\main\AndroidManifest.xml:7:5-79
14-->src\main\AndroidManifest.xml:7:22-76
15    <uses-permission android:name="android.permission.QUERY_ALL_PACKAGES" />
15-->src\main\AndroidManifest.xml:8:5-76
15-->src\main\AndroidManifest.xml:8:22-74
16    <uses-permission android:name="android.permission.WAKE_LOCK" />
16-->src\main\AndroidManifest.xml:9:5-67
16-->src\main\AndroidManifest.xml:9:22-65
17    <uses-permission android:name="android.permission.FOREGROUND_SERVICE" />
17-->src\main\AndroidManifest.xml:10:5-76
17-->src\main\AndroidManifest.xml:10:22-74
18
19    <!-- Use for take photo feature -->
20    <uses-permission android:name="android.permission.CAMERA" />
20-->src\main\AndroidManifest.xml:14:5-65
20-->src\main\AndroidManifest.xml:14:22-62
21    <uses-permission android:name="android.permission.READ_EXTERNAL_STORAGE" />
21-->src\main\AndroidManifest.xml:15:5-79
21-->src\main\AndroidManifest.xml:15:22-77
22    <uses-permission android:name="android.permission.WRITE_EXTERNAL_STORAGE" />
22-->src\main\AndroidManifest.xml:16:5-80
22-->src\main\AndroidManifest.xml:16:22-78
23    <uses-permission android:name="android.permission.RECEIVE_BOOT_COMPLETED" />
23-->[:flutter_local_notifications] AndroidManifest.xml:7:5-81
23-->[:flutter_local_notifications] AndroidManifest.xml:7:22-78
24    <uses-permission android:name="android.permission.VIBRATE" />
24-->[:flutter_local_notifications] AndroidManifest.xml:8:5-66
24-->[:flutter_local_notifications] AndroidManifest.xml:8:22-63
25    <uses-permission android:name="android.permission.USE_FULL_SCREEN_INTENT" />
25-->[:flutter_local_notifications] AndroidManifest.xml:9:5-81
25-->[:flutter_local_notifications] AndroidManifest.xml:9:22-78
26    <uses-permission android:name="android.permission.SCHEDULE_EXACT_ALARM" />
26-->[:flutter_local_notifications] AndroidManifest.xml:10:5-79
26-->[:flutter_local_notifications] AndroidManifest.xml:10:22-76
27
28    <queries>
28-->[:file_picker] AndroidManifest.xml:9:5-15:15
29        <intent>
29-->[:file_picker] AndroidManifest.xml:10:9-14:18
30            <action android:name="android.intent.action.GET_CONTENT" />
30-->[:file_picker] AndroidManifest.xml:11:13-72
30-->[:file_picker] AndroidManifest.xml:11:21-69
31
32            <data android:mimeType="*/*" />
32-->src\main\AndroidManifest.xml:61:17-63:55
33        </intent>
34        <intent>
34-->[:flutter_inappwebview] AndroidManifest.xml:8:9-10:18
35            <action android:name="android.support.customtabs.action.CustomTabsService" />
35-->[:flutter_inappwebview] AndroidManifest.xml:9:13-90
35-->[:flutter_inappwebview] AndroidManifest.xml:9:21-87
36        </intent> <!-- Specific apps you interact with, eg: -->
37        <package android:name="com.paytm.pgsdk.TransactionManager.PAYTM_APP_PACKAGE" />
37-->[com.paytm.appinvokesdk:appinvokesdk:1.6.3] AndroidManifest.xml:14:9-88
37-->[com.paytm.appinvokesdk:appinvokesdk:1.6.3] AndroidManifest.xml:14:18-85
38        <!--
39             Specific intents you query for,
40             eg: for a custom share UI
41        -->
42        <intent>
42-->[com.paytm.appinvokesdk:appinvokesdk:1.6.3] AndroidManifest.xml:19:9-21:18
43            <action android:name="android.intent.action.MAIN" />
43-->src\main\AndroidManifest.xml:44:17-68
43-->src\main\AndroidManifest.xml:44:25-66
44        </intent> <!-- For browser content -->
45        <intent>
45-->[com.google.android.gms:play-services-ads-lite:20.4.0] AndroidManifest.xml:31:9-37:18
46            <action android:name="android.intent.action.VIEW" />
46-->src\main\AndroidManifest.xml:43:17-69
46-->src\main\AndroidManifest.xml:43:25-66
47
48            <category android:name="android.intent.category.BROWSABLE" />
48-->src\main\AndroidManifest.xml:59:17-78
48-->src\main\AndroidManifest.xml:59:27-75
49
50            <data android:scheme="https" />
50-->src\main\AndroidManifest.xml:61:17-63:55
50-->src\main\AndroidManifest.xml:62:21-43
51        </intent>
52    </queries> <!-- Create a unique permission for your app and use it so only your app can receive your OneSignal messages. -->
53    <permission
53-->[com.onesignal:OneSignal:4.6.6] AndroidManifest.xml:7:5-9:47
54        android:name="com.iwdj.app.permission.C2D_MESSAGE"
54-->[com.onesignal:OneSignal:4.6.6] AndroidManifest.xml:8:9-63
55        android:protectionLevel="signature" />
55-->[com.onesignal:OneSignal:4.6.6] AndroidManifest.xml:9:9-44
56
57    <uses-permission android:name="com.iwdj.app.permission.C2D_MESSAGE" /> <!-- c2dm RECEIVE are basic requirements for push messages through Google's FCM -->
57-->[com.onesignal:OneSignal:4.6.6] AndroidManifest.xml:11:5-79
57-->[com.onesignal:OneSignal:4.6.6] AndroidManifest.xml:11:22-76
58    <uses-permission android:name="com.google.android.c2dm.permission.RECEIVE" /> <!-- START: ShortcutBadger -->
58-->[com.onesignal:OneSignal:4.6.6] AndroidManifest.xml:17:5-82
58-->[com.onesignal:OneSignal:4.6.6] AndroidManifest.xml:17:22-79
59    <!-- Samsung -->
60    <uses-permission android:name="com.sec.android.provider.badge.permission.READ" />
60-->[com.onesignal:OneSignal:4.6.6] AndroidManifest.xml:31:5-86
60-->[com.onesignal:OneSignal:4.6.6] AndroidManifest.xml:31:22-83
61    <uses-permission android:name="com.sec.android.provider.badge.permission.WRITE" /> <!-- HTC -->
61-->[com.onesignal:OneSignal:4.6.6] AndroidManifest.xml:32:5-87
61-->[com.onesignal:OneSignal:4.6.6] AndroidManifest.xml:32:22-84
62    <uses-permission android:name="com.htc.launcher.permission.READ_SETTINGS" />
62-->[com.onesignal:OneSignal:4.6.6] AndroidManifest.xml:33:5-81
62-->[com.onesignal:OneSignal:4.6.6] AndroidManifest.xml:33:22-78
63    <uses-permission android:name="com.htc.launcher.permission.UPDATE_SHORTCUT" /> <!-- Sony -->
63-->[com.onesignal:OneSignal:4.6.6] AndroidManifest.xml:34:5-83
63-->[com.onesignal:OneSignal:4.6.6] AndroidManifest.xml:34:22-80
64    <uses-permission android:name="com.sonyericsson.home.permission.BROADCAST_BADGE" />
64-->[com.onesignal:OneSignal:4.6.6] AndroidManifest.xml:35:5-88
64-->[com.onesignal:OneSignal:4.6.6] AndroidManifest.xml:35:22-85
65    <uses-permission android:name="com.sonymobile.home.permission.PROVIDER_INSERT_BADGE" /> <!-- Apex -->
65-->[com.onesignal:OneSignal:4.6.6] AndroidManifest.xml:36:5-92
65-->[com.onesignal:OneSignal:4.6.6] AndroidManifest.xml:36:22-89
66    <uses-permission android:name="com.anddoes.launcher.permission.UPDATE_COUNT" /> <!-- Solid -->
66-->[com.onesignal:OneSignal:4.6.6] AndroidManifest.xml:37:5-84
66-->[com.onesignal:OneSignal:4.6.6] AndroidManifest.xml:37:22-81
67    <uses-permission android:name="com.majeur.launcher.permission.UPDATE_BADGE" /> <!-- Huawei -->
67-->[com.onesignal:OneSignal:4.6.6] AndroidManifest.xml:38:5-83
67-->[com.onesignal:OneSignal:4.6.6] AndroidManifest.xml:38:22-80
68    <uses-permission android:name="com.huawei.android.launcher.permission.CHANGE_BADGE" />
68-->[com.onesignal:OneSignal:4.6.6] AndroidManifest.xml:39:5-91
68-->[com.onesignal:OneSignal:4.6.6] AndroidManifest.xml:39:22-88
69    <uses-permission android:name="com.huawei.android.launcher.permission.READ_SETTINGS" />
69-->[com.onesignal:OneSignal:4.6.6] AndroidManifest.xml:40:5-92
69-->[com.onesignal:OneSignal:4.6.6] AndroidManifest.xml:40:22-89
70    <uses-permission android:name="com.huawei.android.launcher.permission.WRITE_SETTINGS" /> <!-- ZUK -->
70-->[com.onesignal:OneSignal:4.6.6] AndroidManifest.xml:41:5-93
70-->[com.onesignal:OneSignal:4.6.6] AndroidManifest.xml:41:22-90
71    <uses-permission android:name="android.permission.READ_APP_BADGE" /> <!-- OPPO -->
71-->[com.onesignal:OneSignal:4.6.6] AndroidManifest.xml:42:5-73
71-->[com.onesignal:OneSignal:4.6.6] AndroidManifest.xml:42:22-70
72    <uses-permission android:name="com.oppo.launcher.permission.READ_SETTINGS" />
72-->[com.onesignal:OneSignal:4.6.6] AndroidManifest.xml:43:5-82
72-->[com.onesignal:OneSignal:4.6.6] AndroidManifest.xml:43:22-79
73    <uses-permission android:name="com.oppo.launcher.permission.WRITE_SETTINGS" /> <!-- EvMe -->
73-->[com.onesignal:OneSignal:4.6.6] AndroidManifest.xml:44:5-83
73-->[com.onesignal:OneSignal:4.6.6] AndroidManifest.xml:44:22-80
74    <uses-permission android:name="me.everything.badger.permission.BADGE_COUNT_READ" />
74-->[com.onesignal:OneSignal:4.6.6] AndroidManifest.xml:45:5-88
74-->[com.onesignal:OneSignal:4.6.6] AndroidManifest.xml:45:22-85
75    <uses-permission android:name="me.everything.badger.permission.BADGE_COUNT_WRITE" />
75-->[com.onesignal:OneSignal:4.6.6] AndroidManifest.xml:46:5-89
75-->[com.onesignal:OneSignal:4.6.6] AndroidManifest.xml:46:22-86
76    <uses-permission android:name="android.permission.READ_PHONE_STATE" />
76-->[com.paytm.easypay:easypay-appinvoke:1.7.3] AndroidManifest.xml:10:5-75
76-->[com.paytm.easypay:easypay-appinvoke:1.7.3] AndroidManifest.xml:10:22-72
77    <uses-permission android:name="com.google.android.gms.permission.AD_ID" />
77-->[com.google.android.gms:play-services-ads-lite:20.4.0] AndroidManifest.xml:25:5-79
77-->[com.google.android.gms:play-services-ads-lite:20.4.0] AndroidManifest.xml:25:22-76
78
79    <uses-feature
79-->[com.google.android.gms:play-services-maps:17.0.0] AndroidManifest.xml:26:5-28:35
80        android:glEsVersion="0x00020000"
80-->[com.google.android.gms:play-services-maps:17.0.0] AndroidManifest.xml:27:9-41
81        android:required="true" />
81-->[com.google.android.gms:play-services-maps:17.0.0] AndroidManifest.xml:28:9-32
82
83    <uses-permission android:name="com.google.android.finsky.permission.BIND_GET_INSTALL_REFERRER_SERVICE" /> <!-- Don't require camera, as this requires a rear camera. This allows it to work on the Nexus 7 -->
83-->[com.google.android.gms:play-services-measurement:20.0.2] AndroidManifest.xml:26:5-110
83-->[com.google.android.gms:play-services-measurement:20.0.2] AndroidManifest.xml:26:22-107
84    <uses-feature
84-->[com.journeyapps:zxing-android-embedded:4.2.0] AndroidManifest.xml:25:5-27:36
85        android:name="android.hardware.camera"
85-->[com.journeyapps:zxing-android-embedded:4.2.0] AndroidManifest.xml:26:9-47
86        android:required="false" />
86-->[com.journeyapps:zxing-android-embedded:4.2.0] AndroidManifest.xml:27:9-33
87    <uses-feature
87-->[com.journeyapps:zxing-android-embedded:4.2.0] AndroidManifest.xml:28:5-30:36
88        android:name="android.hardware.camera.front"
88-->[com.journeyapps:zxing-android-embedded:4.2.0] AndroidManifest.xml:29:9-53
89        android:required="false" /> <!-- TODO replace above two with next line after Android 4.2 -->
89-->[com.journeyapps:zxing-android-embedded:4.2.0] AndroidManifest.xml:30:9-33
90    <!-- <uses-feature android:name="android.hardware.camera.any"/> -->
91    <uses-feature
91-->[com.journeyapps:zxing-android-embedded:4.2.0] AndroidManifest.xml:33:5-35:36
92        android:name="android.hardware.camera.autofocus"
92-->[com.journeyapps:zxing-android-embedded:4.2.0] AndroidManifest.xml:34:9-57
93        android:required="false" />
93-->[com.journeyapps:zxing-android-embedded:4.2.0] AndroidManifest.xml:35:9-33
94    <uses-feature
94-->[com.journeyapps:zxing-android-embedded:4.2.0] AndroidManifest.xml:36:5-38:36
95        android:name="android.hardware.camera.flash"
95-->[com.journeyapps:zxing-android-embedded:4.2.0] AndroidManifest.xml:37:9-53
96        android:required="false" />
96-->[com.journeyapps:zxing-android-embedded:4.2.0] AndroidManifest.xml:38:9-33
97    <uses-feature
97-->[com.journeyapps:zxing-android-embedded:4.2.0] AndroidManifest.xml:39:5-41:36
98        android:name="android.hardware.screen.landscape"
98-->[com.journeyapps:zxing-android-embedded:4.2.0] AndroidManifest.xml:40:9-57
99        android:required="false" />
99-->[com.journeyapps:zxing-android-embedded:4.2.0] AndroidManifest.xml:41:9-33
100    <uses-feature
100-->[com.journeyapps:zxing-android-embedded:4.2.0] AndroidManifest.xml:42:5-44:36
101        android:name="android.hardware.wifi"
101-->[com.journeyapps:zxing-android-embedded:4.2.0] AndroidManifest.xml:43:9-45
102        android:required="false" />
102-->[com.journeyapps:zxing-android-embedded:4.2.0] AndroidManifest.xml:44:9-33
103
104    <application
105        android:name="android.app.Application"
105-->src\main\AndroidManifest.xml:19:9-42
106        android:appComponentFactory="androidx.core.app.CoreComponentFactory"
106-->[androidx.core:core:1.6.0] AndroidManifest.xml:24:18-86
107        android:icon="@mipmap/launcher_icon"
107-->src\main\AndroidManifest.xml:22:9-45
108        android:label="Iw Design Jobs"
108-->src\main\AndroidManifest.xml:21:9-39
109        android:requestLegacyExternalStorage="true"
109-->src\main\AndroidManifest.xml:23:9-52
110        android:supportsRtl="true"
110-->[com.facebook.android:facebook-login:12.2.0] AndroidManifest.xml:28:18-44
111        android:usesCleartextTraffic="true" >
111-->src\main\AndroidManifest.xml:20:9-44
112        <activity
112-->src\main\AndroidManifest.xml:25:9-77:20
113            android:name="com.iwdj.app.MainActivity"
113-->src\main\AndroidManifest.xml:26:13-41
114            android:configChanges="orientation|keyboardHidden|keyboard|screenSize|smallestScreenSize|locale|layoutDirection|fontScale|screenLayout|density|uiMode"
114-->src\main\AndroidManifest.xml:29:13-163
115            android:exported="true"
115-->src\main\AndroidManifest.xml:31:13-36
116            android:hardwareAccelerated="true"
116-->src\main\AndroidManifest.xml:30:13-47
117            android:launchMode="singleTop"
117-->src\main\AndroidManifest.xml:27:13-43
118            android:theme="@style/LaunchTheme"
118-->src\main\AndroidManifest.xml:28:13-47
119            android:windowSoftInputMode="adjustResize" >
119-->src\main\AndroidManifest.xml:32:13-55
120
121            <!--
122                 Specifies an Android theme to apply to this Activity as soon as
123                 the Android process has started. This theme is visible to the user
124                 while the Flutter UI initializes. After that, this theme continues
125                 to determine the Window background behind the Flutter UI.
126            -->
127            <meta-data
127-->src\main\AndroidManifest.xml:38:13-41:17
128                android:name="io.flutter.embedding.android.NormalTheme"
128-->src\main\AndroidManifest.xml:39:15-70
129                android:resource="@style/NormalTheme" />
129-->src\main\AndroidManifest.xml:40:15-52
130
131            <intent-filter>
131-->src\main\AndroidManifest.xml:42:13-46:29
132                <action android:name="android.intent.action.VIEW" />
132-->src\main\AndroidManifest.xml:43:17-69
132-->src\main\AndroidManifest.xml:43:25-66
133                <action android:name="android.intent.action.MAIN" />
133-->src\main\AndroidManifest.xml:44:17-68
133-->src\main\AndroidManifest.xml:44:25-66
134
135                <category android:name="android.intent.category.LAUNCHER" />
135-->src\main\AndroidManifest.xml:45:17-76
135-->src\main\AndroidManifest.xml:45:27-74
136            </intent-filter>
137            <intent-filter>
137-->src\main\AndroidManifest.xml:47:13-50:29
138                <action android:name="FLUTTER_NOTIFICATION_CLICK" />
138-->src\main\AndroidManifest.xml:48:17-69
138-->src\main\AndroidManifest.xml:48:25-66
139
140                <category android:name="android.intent.category.DEFAULT" />
140-->src\main\AndroidManifest.xml:49:17-76
140-->src\main\AndroidManifest.xml:49:27-73
141            </intent-filter>
142
143            <meta-data
143-->src\main\AndroidManifest.xml:52:13-54:60
144                android:name="default-url"
144-->src\main\AndroidManifest.xml:53:17-43
145                android:value="https://iwdesignjobs.com" />
145-->src\main\AndroidManifest.xml:54:17-57
146
147            <intent-filter android:autoVerify="true" >
147-->src\main\AndroidManifest.xml:55:13-65:29
147-->src\main\AndroidManifest.xml:55:28-53
148                <action android:name="android.intent.action.VIEW" />
148-->src\main\AndroidManifest.xml:43:17-69
148-->src\main\AndroidManifest.xml:43:25-66
149
150                <category android:name="android.intent.category.DEFAULT" />
150-->src\main\AndroidManifest.xml:49:17-76
150-->src\main\AndroidManifest.xml:49:27-73
151                <category android:name="android.intent.category.BROWSABLE" />
151-->src\main\AndroidManifest.xml:59:17-78
151-->src\main\AndroidManifest.xml:59:27-75
152
153                <data
153-->src\main\AndroidManifest.xml:61:17-63:55
154                    android:host="iwdesignjobs.com"
154-->src\main\AndroidManifest.xml:63:21-52
155                    android:scheme="https" />
155-->src\main\AndroidManifest.xml:62:21-43
156                <data android:scheme="http" />
156-->src\main\AndroidManifest.xml:61:17-63:55
156-->src\main\AndroidManifest.xml:62:21-43
157            </intent-filter>
158            <intent-filter>
158-->src\main\AndroidManifest.xml:67:13-76:29
159                <action android:name="android.intent.action.VIEW" />
159-->src\main\AndroidManifest.xml:43:17-69
159-->src\main\AndroidManifest.xml:43:25-66
160
161                <category android:name="android.intent.category.DEFAULT" />
161-->src\main\AndroidManifest.xml:49:17-76
161-->src\main\AndroidManifest.xml:49:27-73
162                <category android:name="android.intent.category.BROWSABLE" />
162-->src\main\AndroidManifest.xml:59:17-78
162-->src\main\AndroidManifest.xml:59:27-75
163
164                <data
164-->src\main\AndroidManifest.xml:61:17-63:55
165                    android:host="iwdesignjobs.com"
165-->src\main\AndroidManifest.xml:63:21-52
166                    android:scheme="iwdesignjobs" />
166-->src\main\AndroidManifest.xml:62:21-43
167            </intent-filter>
168        </activity>
169
170        <meta-data
170-->src\main\AndroidManifest.xml:79:9-81:71
171            android:name="com.google.firebase.messaging.default_notification_channel_id"
171-->src\main\AndroidManifest.xml:80:13-89
172            android:value="@string/default_notification_channel_id" />
172-->src\main\AndroidManifest.xml:81:13-68
173        <meta-data
173-->src\main\AndroidManifest.xml:83:10-85:49
174            android:name="com.google.firebase.messaging.default_notification_icon"
174-->src\main\AndroidManifest.xml:84:13-83
175            android:resource="@drawable/logo" />
175-->src\main\AndroidManifest.xml:85:13-46
176        <!--
177             Set color used with incoming notification messages. This is used when no color is set for the incoming
178            notification message. See README(https://goo.gl/6BKBk7) for more.
179        -->
180        <meta-data
180-->src\main\AndroidManifest.xml:88:9-90:51
181            android:name="com.google.firebase.messaging.default_notification_color"
181-->src\main\AndroidManifest.xml:89:13-84
182            android:resource="@color/notiColor" />
182-->src\main\AndroidManifest.xml:90:13-48
183        <!-- Google map and Admod setup -->
184        <meta-data
184-->src\main\AndroidManifest.xml:92:9-94:46
185            android:name="com.google.android.geo.API_KEY"
185-->src\main\AndroidManifest.xml:93:13-58
186            android:value="@string/api_key" />
186-->src\main\AndroidManifest.xml:94:13-44
187        <meta-data
187-->src\main\AndroidManifest.xml:95:9-97:48
188            android:name="com.google.android.gms.ads.APPLICATION_ID"
188-->src\main\AndroidManifest.xml:96:13-69
189            android:value="@string/admob_api" />
189-->src\main\AndroidManifest.xml:97:13-46
190
191        <!-- Facebook Login configuration -->
192        <meta-data
192-->src\main\AndroidManifest.xml:100:9-101:54
193            android:name="com.facebook.sdk.ApplicationId"
193-->src\main\AndroidManifest.xml:100:20-65
194            android:value="@string/facebook_app_id" />
194-->src\main\AndroidManifest.xml:101:13-52
195
196        <activity
196-->src\main\AndroidManifest.xml:103:9-108:11
197            android:name="com.facebook.FacebookActivity"
197-->src\main\AndroidManifest.xml:103:19-63
198            android:configChanges="keyboard|keyboardHidden|screenLayout|screenSize|orientation"
198-->src\main\AndroidManifest.xml:104:13-113
199            android:exported="true"
199-->src\main\AndroidManifest.xml:107:13-36
200            android:label="@string/app_name"
200-->src\main\AndroidManifest.xml:106:13-45
201            android:theme="@style/com_facebook_activity_theme" />
201-->[com.facebook.android:facebook-common:12.2.0] AndroidManifest.xml:33:13-63
202        <activity
202-->src\main\AndroidManifest.xml:109:9-118:20
203            android:name="com.facebook.CustomTabActivity"
203-->src\main\AndroidManifest.xml:110:13-58
204            android:exported="true" >
204-->src\main\AndroidManifest.xml:111:13-36
205            <intent-filter>
205-->src\main\AndroidManifest.xml:112:13-117:29
206                <action android:name="android.intent.action.VIEW" />
206-->src\main\AndroidManifest.xml:43:17-69
206-->src\main\AndroidManifest.xml:43:25-66
207
208                <category android:name="android.intent.category.DEFAULT" />
208-->src\main\AndroidManifest.xml:49:17-76
208-->src\main\AndroidManifest.xml:49:27-73
209                <category android:name="android.intent.category.BROWSABLE" />
209-->src\main\AndroidManifest.xml:59:17-78
209-->src\main\AndroidManifest.xml:59:27-75
210
211                <data android:scheme="@string/fb_login_protocol_scheme" />
211-->src\main\AndroidManifest.xml:61:17-63:55
211-->src\main\AndroidManifest.xml:62:21-43
212            </intent-filter>
213            <intent-filter>
213-->[com.facebook.android:facebook-common:12.2.0] AndroidManifest.xml:39:13-48:29
214                <action android:name="android.intent.action.VIEW" />
214-->src\main\AndroidManifest.xml:43:17-69
214-->src\main\AndroidManifest.xml:43:25-66
215
216                <category android:name="android.intent.category.DEFAULT" />
216-->src\main\AndroidManifest.xml:49:17-76
216-->src\main\AndroidManifest.xml:49:27-73
217                <category android:name="android.intent.category.BROWSABLE" />
217-->src\main\AndroidManifest.xml:59:17-78
217-->src\main\AndroidManifest.xml:59:27-75
218
219                <data
219-->src\main\AndroidManifest.xml:61:17-63:55
220                    android:host="cct.com.iwdj.app"
220-->src\main\AndroidManifest.xml:63:21-52
221                    android:scheme="fbconnect" />
221-->src\main\AndroidManifest.xml:62:21-43
222            </intent-filter>
223        </activity>
224
225        <!--
226             Don't delete the meta-data below.
227             This is used by the Flutter tool to generate GeneratedPluginRegistrant.java
228        -->
229        <meta-data
229-->src\main\AndroidManifest.xml:122:9-124:33
230            android:name="flutterEmbedding"
230-->src\main\AndroidManifest.xml:123:13-44
231            android:value="2" />
231-->src\main\AndroidManifest.xml:124:13-30
232
233        <service
233-->[:firebase_messaging] AndroidManifest.xml:12:9-15:72
234            android:name="io.flutter.plugins.firebase.messaging.FlutterFirebaseMessagingBackgroundService"
234-->[:firebase_messaging] AndroidManifest.xml:13:13-107
235            android:exported="false"
235-->[:firebase_messaging] AndroidManifest.xml:14:13-37
236            android:permission="android.permission.BIND_JOB_SERVICE" />
236-->[:firebase_messaging] AndroidManifest.xml:15:13-69
237        <service
237-->[:firebase_messaging] AndroidManifest.xml:16:9-22:19
238            android:name="io.flutter.plugins.firebase.messaging.FlutterFirebaseMessagingService"
238-->[:firebase_messaging] AndroidManifest.xml:17:13-97
239            android:exported="false" >
239-->[:firebase_messaging] AndroidManifest.xml:18:13-37
240            <intent-filter>
240-->[:firebase_messaging] AndroidManifest.xml:19:13-21:29
241                <action android:name="com.google.firebase.MESSAGING_EVENT" />
241-->[:firebase_messaging] AndroidManifest.xml:20:17-78
241-->[:firebase_messaging] AndroidManifest.xml:20:25-75
242            </intent-filter>
243        </service>
244
245        <receiver
245-->[:firebase_messaging] AndroidManifest.xml:24:9-31:20
246            android:name="io.flutter.plugins.firebase.messaging.FlutterFirebaseMessagingReceiver"
246-->[:firebase_messaging] AndroidManifest.xml:25:13-98
247            android:exported="true"
247-->[:firebase_messaging] AndroidManifest.xml:26:13-36
248            android:permission="com.google.android.c2dm.permission.SEND" >
248-->[:firebase_messaging] AndroidManifest.xml:27:13-73
249            <intent-filter>
249-->[:firebase_messaging] AndroidManifest.xml:28:13-30:29
250                <action android:name="com.google.android.c2dm.intent.RECEIVE" />
250-->[:firebase_messaging] AndroidManifest.xml:29:17-81
250-->[:firebase_messaging] AndroidManifest.xml:29:25-78
251            </intent-filter>
252        </receiver>
253
254        <service
254-->[:firebase_messaging] AndroidManifest.xml:33:9-37:19
255            android:name="com.google.firebase.components.ComponentDiscoveryService"
255-->[:firebase_messaging] AndroidManifest.xml:33:18-89
256            android:directBootAware="true"
256-->[com.google.firebase:firebase-common:20.0.0] AndroidManifest.xml:35:13-43
257            android:exported="false" >
257-->[com.google.firebase:firebase-auth:21.0.1] AndroidManifest.xml:76:13-37
258            <meta-data
258-->[:firebase_messaging] AndroidManifest.xml:34:13-36:85
259                android:name="com.google.firebase.components:io.flutter.plugins.firebase.messaging.FlutterFirebaseAppRegistrar"
259-->[:firebase_messaging] AndroidManifest.xml:35:17-128
260                android:value="com.google.firebase.components.ComponentRegistrar" />
260-->[:firebase_messaging] AndroidManifest.xml:36:17-82
261            <meta-data
261-->[:cloud_firestore] AndroidManifest.xml:9:13-11:85
262                android:name="com.google.firebase.components:io.flutter.plugins.firebase.firestore.FlutterFirebaseFirestoreRegistrar"
262-->[:cloud_firestore] AndroidManifest.xml:10:17-134
263                android:value="com.google.firebase.components.ComponentRegistrar" />
263-->[:cloud_firestore] AndroidManifest.xml:11:17-82
264            <meta-data
264-->[:firebase_dynamic_links] AndroidManifest.xml:11:13-13:85
265                android:name="com.google.firebase.components:io.flutter.plugins.firebase.dynamiclinks.FlutterFirebaseAppRegistrar"
265-->[:firebase_dynamic_links] AndroidManifest.xml:12:17-131
266                android:value="com.google.firebase.components.ComponentRegistrar" />
266-->[:firebase_dynamic_links] AndroidManifest.xml:13:17-82
267            <meta-data
267-->[:firebase_analytics] AndroidManifest.xml:13:13-15:85
268                android:name="com.google.firebase.components:io.flutter.plugins.firebase.analytics.FlutterFirebaseAppRegistrar"
268-->[:firebase_analytics] AndroidManifest.xml:14:17-128
269                android:value="com.google.firebase.components.ComponentRegistrar" />
269-->[:firebase_analytics] AndroidManifest.xml:15:17-82
270            <meta-data
270-->[:firebase_auth] AndroidManifest.xml:9:13-11:85
271                android:name="com.google.firebase.components:io.flutter.plugins.firebase.auth.FlutterFirebaseAuthRegistrar"
271-->[:firebase_auth] AndroidManifest.xml:10:17-124
272                android:value="com.google.firebase.components.ComponentRegistrar" />
272-->[:firebase_auth] AndroidManifest.xml:11:17-82
273            <meta-data
273-->[:firebase_remote_config] AndroidManifest.xml:9:13-11:85
274                android:name="com.google.firebase.components:io.flutter.plugins.firebase.firebaseremoteconfig.FlutterFirebaseAppRegistrar"
274-->[:firebase_remote_config] AndroidManifest.xml:10:17-139
275                android:value="com.google.firebase.components.ComponentRegistrar" />
275-->[:firebase_remote_config] AndroidManifest.xml:11:17-82
276            <meta-data
276-->[:firebase_core] AndroidManifest.xml:9:13-11:85
277                android:name="com.google.firebase.components:io.flutter.plugins.firebase.core.FlutterFirebaseCoreRegistrar"
277-->[:firebase_core] AndroidManifest.xml:10:17-124
278                android:value="com.google.firebase.components.ComponentRegistrar" />
278-->[:firebase_core] AndroidManifest.xml:11:17-82
279            <meta-data
279-->[com.google.firebase:firebase-auth:21.0.1] AndroidManifest.xml:77:13-79:85
280                android:name="com.google.firebase.components:com.google.firebase.auth.FirebaseAuthRegistrar"
280-->[com.google.firebase:firebase-auth:21.0.1] AndroidManifest.xml:78:17-109
281                android:value="com.google.firebase.components.ComponentRegistrar" />
281-->[com.google.firebase:firebase-auth:21.0.1] AndroidManifest.xml:79:17-82
282            <meta-data
282-->[com.google.firebase:firebase-messaging:23.0.0] AndroidManifest.xml:52:13-54:85
283                android:name="com.google.firebase.components:com.google.firebase.messaging.FirebaseMessagingRegistrar"
283-->[com.google.firebase:firebase-messaging:23.0.0] AndroidManifest.xml:53:17-119
284                android:value="com.google.firebase.components.ComponentRegistrar" />